  vector.cpp
  tinyxmlparser.cpp
  tinyxmlerror.cpp
  tinyxml.cpp
c:\users\samr\documents\visual studio 2015\projects\cal3dlibrary\cal3dlibrary\cal3d\tinyxml.cpp(86): warning C4996: 'sprintf': This function or variable may be unsafe. Consider using sprintf_s instead. To disable deprecation, use _CRT_SECURE_NO_WARNINGS. See online help for details.
  c:\program files (x86)\windows kits\10\include\10.0.10240.0\ucrt\stdio.h(1769): note: see declaration of 'sprintf'
c:\users\samr\documents\visual studio 2015\projects\cal3dlibrary\cal3dlibrary\cal3d\tinyxml.cpp(103): warning C4996: 'strcpy': This function or variable may be unsafe. Consider using strcpy_s instead. To disable deprecation, use _CRT_SECURE_NO_WARNINGS. See online help for details.
  c:\program files (x86)\windows kits\10\include\10.0.10240.0\ucrt\string.h(119): note: see declaration of 'strcpy'
c:\users\samr\documents\visual studio 2015\projects\cal3dlibrary\cal3dlibrary\cal3d\tinyxml.cpp(460): warning C4996: 'sprintf': This function or variable may be unsafe. Consider using sprintf_s instead. To disable deprecation, use _CRT_SECURE_NO_WARNINGS. See online help for details.
  c:\program files (x86)\windows kits\10\include\10.0.10240.0\ucrt\stdio.h(1769): note: see declaration of 'sprintf'
c:\users\samr\documents\visual studio 2015\projects\cal3dlibrary\cal3dlibrary\cal3d\tinyxml.cpp(612): warning C4996: 'fopen': This function or variable may be unsafe. Consider using fopen_s instead. To disable deprecation, use _CRT_SECURE_NO_WARNINGS. See online help for details.
  c:\program files (x86)\windows kits\10\include\10.0.10240.0\ucrt\stdio.h(205): note: see declaration of 'fopen'
c:\users\samr\documents\visual studio 2015\projects\cal3dlibrary\cal3dlibrary\cal3d\tinyxml.cpp(652): warning C4996: 'fopen': This function or variable may be unsafe. Consider using fopen_s instead. To disable deprecation, use _CRT_SECURE_NO_WARNINGS. See online help for details.
  c:\program files (x86)\windows kits\10\include\10.0.10240.0\ucrt\stdio.h(205): note: see declaration of 'fopen'
c:\users\samr\documents\visual studio 2015\projects\cal3dlibrary\cal3dlibrary\cal3d\tinyxml.cpp(747): warning C4996: 'sscanf': This function or variable may be unsafe. Consider using sscanf_s instead. To disable deprecation, use _CRT_SECURE_NO_WARNINGS. See online help for details.
  c:\program files (x86)\windows kits\10\include\10.0.10240.0\ucrt\stdio.h(2254): note: see declaration of 'sscanf'
c:\users\samr\documents\visual studio 2015\projects\cal3dlibrary\cal3dlibrary\cal3d\tinyxml.cpp(753): warning C4996: 'sscanf': This function or variable may be unsafe. Consider using sscanf_s instead. To disable deprecation, use _CRT_SECURE_NO_WARNINGS. See online help for details.
  c:\program files (x86)\windows kits\10\include\10.0.10240.0\ucrt\stdio.h(2254): note: see declaration of 'sscanf'
c:\users\samr\documents\visual studio 2015\projects\cal3dlibrary\cal3dlibrary\cal3d\tinyxml.cpp(760): warning C4996: 'sprintf': This function or variable may be unsafe. Consider using sprintf_s instead. To disable deprecation, use _CRT_SECURE_NO_WARNINGS. See online help for details.
  c:\program files (x86)\windows kits\10\include\10.0.10240.0\ucrt\stdio.h(1769): note: see declaration of 'sprintf'
c:\users\samr\documents\visual studio 2015\projects\cal3dlibrary\cal3dlibrary\cal3d\tinyxml.cpp(766): warning C4996: 'sprintf': This function or variable may be unsafe. Consider using sprintf_s instead. To disable deprecation, use _CRT_SECURE_NO_WARNINGS. See online help for details.
  c:\program files (x86)\windows kits\10\include\10.0.10240.0\ucrt\stdio.h(1769): note: see declaration of 'sprintf'
  submesh.cpp
  streamsource.cpp
  springsystem.cpp
  skeleton.cpp
  saver.cpp
c:\users\samr\documents\visual studio 2015\projects\cal3dlibrary\cal3dlibrary\cal3d\saver.cpp(52): warning C4996: 'stricmp': The POSIX name for this item is deprecated. Instead, use the ISO C and C++ conformant name: _stricmp. See online help for details.
  c:\program files (x86)\windows kits\10\include\10.0.10240.0\ucrt\string.h(568): note: see declaration of 'stricmp'
c:\users\samr\documents\visual studio 2015\projects\cal3dlibrary\cal3dlibrary\cal3d\saver.cpp(248): warning C4996: 'stricmp': The POSIX name for this item is deprecated. Instead, use the ISO C and C++ conformant name: _stricmp. See online help for details.
  c:\program files (x86)\windows kits\10\include\10.0.10240.0\ucrt\string.h(568): note: see declaration of 'stricmp'
c:\users\samr\documents\visual studio 2015\projects\cal3dlibrary\cal3dlibrary\cal3d\saver.cpp(338): warning C4996: 'stricmp': The POSIX name for this item is deprecated. Instead, use the ISO C and C++ conformant name: _stricmp. See online help for details.
  c:\program files (x86)\windows kits\10\include\10.0.10240.0\ucrt\string.h(568): note: see declaration of 'stricmp'
c:\users\samr\documents\visual studio 2015\projects\cal3dlibrary\cal3dlibrary\cal3d\saver.cpp(402): warning C4996: 'stricmp': The POSIX name for this item is deprecated. Instead, use the ISO C and C++ conformant name: _stricmp. See online help for details.
  c:\program files (x86)\windows kits\10\include\10.0.10240.0\ucrt\string.h(568): note: see declaration of 'stricmp'
  renderer.cpp
  quaternion.cpp
  platform.cpp
  physique.cpp
  morphtargetmixer.cpp
  model.cpp
  mixer.cpp
  mesh.cpp
  matrix.cpp
  loader.cpp
c:\users\samr\documents\visual studio 2015\projects\cal3dlibrary\cal3dlibrary\cal3d\loader.cpp(70): warning C4996: 'stricmp': The POSIX name for this item is deprecated. Instead, use the ISO C and C++ conformant name: _stricmp. See online help for details.
  c:\program files (x86)\windows kits\10\include\10.0.10240.0\ucrt\string.h(568): note: see declaration of 'stricmp'
c:\users\samr\documents\visual studio 2015\projects\cal3dlibrary\cal3dlibrary\cal3d\loader.cpp(108): warning C4996: 'stricmp': The POSIX name for this item is deprecated. Instead, use the ISO C and C++ conformant name: _stricmp. See online help for details.
  c:\program files (x86)\windows kits\10\include\10.0.10240.0\ucrt\string.h(568): note: see declaration of 'stricmp'
c:\users\samr\documents\visual studio 2015\projects\cal3dlibrary\cal3dlibrary\cal3d\loader.cpp(149): warning C4996: 'stricmp': The POSIX name for this item is deprecated. Instead, use the ISO C and C++ conformant name: _stricmp. See online help for details.
  c:\program files (x86)\windows kits\10\include\10.0.10240.0\ucrt\string.h(568): note: see declaration of 'stricmp'
c:\users\samr\documents\visual studio 2015\projects\cal3dlibrary\cal3dlibrary\cal3d\loader.cpp(191): warning C4996: 'stricmp': The POSIX name for this item is deprecated. Instead, use the ISO C and C++ conformant name: _stricmp. See online help for details.
  c:\program files (x86)\windows kits\10\include\10.0.10240.0\ucrt\string.h(568): note: see declaration of 'stricmp'
c:\users\samr\documents\visual studio 2015\projects\cal3dlibrary\cal3dlibrary\cal3d\loader.cpp(1232): warning C4996: 'stricmp': The POSIX name for this item is deprecated. Instead, use the ISO C and C++ conformant name: _stricmp. See online help for details.
  c:\program files (x86)\windows kits\10\include\10.0.10240.0\ucrt\string.h(568): note: see declaration of 'stricmp'
c:\users\samr\documents\visual studio 2015\projects\cal3dlibrary\cal3dlibrary\cal3d\loader.cpp(1233): warning C4996: 'stricmp': The POSIX name for this item is deprecated. Instead, use the ISO C and C++ conformant name: _stricmp. See online help for details.
  c:\program files (x86)\windows kits\10\include\10.0.10240.0\ucrt\string.h(568): note: see declaration of 'stricmp'
c:\users\samr\documents\visual studio 2015\projects\cal3dlibrary\cal3dlibrary\cal3d\loader.cpp(1246): warning C4996: 'stricmp': The POSIX name for this item is deprecated. Instead, use the ISO C and C++ conformant name: _stricmp. See online help for details.
  c:\program files (x86)\windows kits\10\include\10.0.10240.0\ucrt\string.h(568): note: see declaration of 'stricmp'
c:\users\samr\documents\visual studio 2015\projects\cal3dlibrary\cal3dlibrary\cal3d\loader.cpp(1251): warning C4996: 'stricmp': The POSIX name for this item is deprecated. Instead, use the ISO C and C++ conformant name: _stricmp. See online help for details.
  c:\program files (x86)\windows kits\10\include\10.0.10240.0\ucrt\string.h(568): note: see declaration of 'stricmp'
c:\users\samr\documents\visual studio 2015\projects\cal3dlibrary\cal3dlibrary\cal3d\loader.cpp(1271): warning C4996: 'stricmp': The POSIX name for this item is deprecated. Instead, use the ISO C and C++ conformant name: _stricmp. See online help for details.
  c:\program files (x86)\windows kits\10\include\10.0.10240.0\ucrt\string.h(568): note: see declaration of 'stricmp'
c:\users\samr\documents\visual studio 2015\projects\cal3dlibrary\cal3dlibrary\cal3d\loader.cpp(1282): warning C4996: 'stricmp': The POSIX name for this item is deprecated. Instead, use the ISO C and C++ conformant name: _stricmp. See online help for details.
  c:\program files (x86)\windows kits\10\include\10.0.10240.0\ucrt\string.h(568): note: see declaration of 'stricmp'
c:\users\samr\documents\visual studio 2015\projects\cal3dlibrary\cal3dlibrary\cal3d\loader.cpp(1306): warning C4996: 'stricmp': The POSIX name for this item is deprecated. Instead, use the ISO C and C++ conformant name: _stricmp. See online help for details.
  c:\program files (x86)\windows kits\10\include\10.0.10240.0\ucrt\string.h(568): note: see declaration of 'stricmp'
c:\users\samr\documents\visual studio 2015\projects\cal3dlibrary\cal3dlibrary\cal3d\loader.cpp(1331): warning C4996: 'stricmp': The POSIX name for this item is deprecated. Instead, use the ISO C and C++ conformant name: _stricmp. See online help for details.
  c:\program files (x86)\windows kits\10\include\10.0.10240.0\ucrt\string.h(568): note: see declaration of 'stricmp'
c:\users\samr\documents\visual studio 2015\projects\cal3dlibrary\cal3dlibrary\cal3d\loader.cpp(1355): warning C4996: 'stricmp': The POSIX name for this item is deprecated. Instead, use the ISO C and C++ conformant name: _stricmp. See online help for details.
  c:\program files (x86)\windows kits\10\include\10.0.10240.0\ucrt\string.h(568): note: see declaration of 'stricmp'
c:\users\samr\documents\visual studio 2015\projects\cal3dlibrary\cal3dlibrary\cal3d\loader.cpp(1379): warning C4996: 'stricmp': The POSIX name for this item is deprecated. Instead, use the ISO C and C++ conformant name: _stricmp. See online help for details.
  c:\program files (x86)\windows kits\10\include\10.0.10240.0\ucrt\string.h(568): note: see declaration of 'stricmp'
c:\users\samr\documents\visual studio 2015\projects\cal3dlibrary\cal3dlibrary\cal3d\loader.cpp(1433): warning C4996: 'stricmp': The POSIX name for this item is deprecated. Instead, use the ISO C and C++ conformant name: _stricmp. See online help for details.
  c:\program files (x86)\windows kits\10\include\10.0.10240.0\ucrt\string.h(568): note: see declaration of 'stricmp'
c:\users\samr\documents\visual studio 2015\projects\cal3dlibrary\cal3dlibrary\cal3d\loader.cpp(1501): warning C4996: 'stricmp': The POSIX name for this item is deprecated. Instead, use the ISO C and C++ conformant name: _stricmp. See online help for details.
  c:\program files (x86)\windows kits\10\include\10.0.10240.0\ucrt\string.h(568): note: see declaration of 'stricmp'
c:\users\samr\documents\visual studio 2015\projects\cal3dlibrary\cal3dlibrary\cal3d\loader.cpp(1502): warning C4996: 'stricmp': The POSIX name for this item is deprecated. Instead, use the ISO C and C++ conformant name: _stricmp. See online help for details.
  c:\program files (x86)\windows kits\10\include\10.0.10240.0\ucrt\string.h(568): note: see declaration of 'stricmp'
c:\users\samr\documents\visual studio 2015\projects\cal3dlibrary\cal3dlibrary\cal3d\loader.cpp(1515): warning C4996: 'stricmp': The POSIX name for this item is deprecated. Instead, use the ISO C and C++ conformant name: _stricmp. See online help for details.
  c:\program files (x86)\windows kits\10\include\10.0.10240.0\ucrt\string.h(568): note: see declaration of 'stricmp'
c:\users\samr\documents\visual studio 2015\projects\cal3dlibrary\cal3dlibrary\cal3d\loader.cpp(1520): warning C4996: 'stricmp': The POSIX name for this item is deprecated. Instead, use the ISO C and C++ conformant name: _stricmp. See online help for details.
  c:\program files (x86)\windows kits\10\include\10.0.10240.0\ucrt\string.h(568): note: see declaration of 'stricmp'
c:\users\samr\documents\visual studio 2015\projects\cal3dlibrary\cal3dlibrary\cal3d\loader.cpp(1554): warning C4996: 'stricmp': The POSIX name for this item is deprecated. Instead, use the ISO C and C++ conformant name: _stricmp. See online help for details.
  c:\program files (x86)\windows kits\10\include\10.0.10240.0\ucrt\string.h(568): note: see declaration of 'stricmp'
c:\users\samr\documents\visual studio 2015\projects\cal3dlibrary\cal3dlibrary\cal3d\loader.cpp(1592): warning C4996: 'stricmp': The POSIX name for this item is deprecated. Instead, use the ISO C and C++ conformant name: _stricmp. See online help for details.
  c:\program files (x86)\windows kits\10\include\10.0.10240.0\ucrt\string.h(568): note: see declaration of 'stricmp'
c:\users\samr\documents\visual studio 2015\projects\cal3dlibrary\cal3dlibrary\cal3d\loader.cpp(1600): warning C4996: 'stricmp': The POSIX name for this item is deprecated. Instead, use the ISO C and C++ conformant name: _stricmp. See online help for details.
  c:\program files (x86)\windows kits\10\include\10.0.10240.0\ucrt\string.h(568): note: see declaration of 'stricmp'
c:\users\samr\documents\visual studio 2015\projects\cal3dlibrary\cal3dlibrary\cal3d\loader.cpp(1623): warning C4996: 'stricmp': The POSIX name for this item is deprecated. Instead, use the ISO C and C++ conformant name: _stricmp. See online help for details.
  c:\program files (x86)\windows kits\10\include\10.0.10240.0\ucrt\string.h(568): note: see declaration of 'stricmp'
c:\users\samr\documents\visual studio 2015\projects\cal3dlibrary\cal3dlibrary\cal3d\loader.cpp(1719): warning C4996: 'stricmp': The POSIX name for this item is deprecated. Instead, use the ISO C and C++ conformant name: _stricmp. See online help for details.
  c:\program files (x86)\windows kits\10\include\10.0.10240.0\ucrt\string.h(568): note: see declaration of 'stricmp'
c:\users\samr\documents\visual studio 2015\projects\cal3dlibrary\cal3dlibrary\cal3d\loader.cpp(1720): warning C4996: 'stricmp': The POSIX name for this item is deprecated. Instead, use the ISO C and C++ conformant name: _stricmp. See online help for details.
  c:\program files (x86)\windows kits\10\include\10.0.10240.0\ucrt\string.h(568): note: see declaration of 'stricmp'
c:\users\samr\documents\visual studio 2015\projects\cal3dlibrary\cal3dlibrary\cal3d\loader.cpp(1732): warning C4996: 'stricmp': The POSIX name for this item is deprecated. Instead, use the ISO C and C++ conformant name: _stricmp. See online help for details.
  c:\program files (x86)\windows kits\10\include\10.0.10240.0\ucrt\string.h(568): note: see declaration of 'stricmp'
c:\users\samr\documents\visual studio 2015\projects\cal3dlibrary\cal3dlibrary\cal3d\loader.cpp(1737): warning C4996: 'stricmp': The POSIX name for this item is deprecated. Instead, use the ISO C and C++ conformant name: _stricmp. See online help for details.
  c:\program files (x86)\windows kits\10\include\10.0.10240.0\ucrt\string.h(568): note: see declaration of 'stricmp'
c:\users\samr\documents\visual studio 2015\projects\cal3dlibrary\cal3dlibrary\cal3d\loader.cpp(1762): warning C4996: 'stricmp': The POSIX name for this item is deprecated. Instead, use the ISO C and C++ conformant name: _stricmp. See online help for details.
  c:\program files (x86)\windows kits\10\include\10.0.10240.0\ucrt\string.h(568): note: see declaration of 'stricmp'
c:\users\samr\documents\visual studio 2015\projects\cal3dlibrary\cal3dlibrary\cal3d\loader.cpp(1806): warning C4996: 'stricmp': The POSIX name for this item is deprecated. Instead, use the ISO C and C++ conformant name: _stricmp. See online help for details.
  c:\program files (x86)\windows kits\10\include\10.0.10240.0\ucrt\string.h(568): note: see declaration of 'stricmp'
c:\users\samr\documents\visual studio 2015\projects\cal3dlibrary\cal3dlibrary\cal3d\loader.cpp(1815): warning C4996: 'stricmp': The POSIX name for this item is deprecated. Instead, use the ISO C and C++ conformant name: _stricmp. See online help for details.
  c:\program files (x86)\windows kits\10\include\10.0.10240.0\ucrt\string.h(568): note: see declaration of 'stricmp'
c:\users\samr\documents\visual studio 2015\projects\cal3dlibrary\cal3dlibrary\cal3d\loader.cpp(1838): warning C4996: 'stricmp': The POSIX name for this item is deprecated. Instead, use the ISO C and C++ conformant name: _stricmp. See online help for details.
  c:\program files (x86)\windows kits\10\include\10.0.10240.0\ucrt\string.h(568): note: see declaration of 'stricmp'
c:\users\samr\documents\visual studio 2015\projects\cal3dlibrary\cal3dlibrary\cal3d\loader.cpp(1861): warning C4996: 'stricmp': The POSIX name for this item is deprecated. Instead, use the ISO C and C++ conformant name: _stricmp. See online help for details.
  c:\program files (x86)\windows kits\10\include\10.0.10240.0\ucrt\string.h(568): note: see declaration of 'stricmp'
c:\users\samr\documents\visual studio 2015\projects\cal3dlibrary\cal3dlibrary\cal3d\loader.cpp(1877): warning C4996: 'stricmp': The POSIX name for this item is deprecated. Instead, use the ISO C and C++ conformant name: _stricmp. See online help for details.
  c:\program files (x86)\windows kits\10\include\10.0.10240.0\ucrt\string.h(568): note: see declaration of 'stricmp'
c:\users\samr\documents\visual studio 2015\projects\cal3dlibrary\cal3dlibrary\cal3d\loader.cpp(1911): warning C4996: 'stricmp': The POSIX name for this item is deprecated. Instead, use the ISO C and C++ conformant name: _stricmp. See online help for details.
  c:\program files (x86)\windows kits\10\include\10.0.10240.0\ucrt\string.h(568): note: see declaration of 'stricmp'
c:\users\samr\documents\visual studio 2015\projects\cal3dlibrary\cal3dlibrary\cal3d\loader.cpp(1959): warning C4996: 'stricmp': The POSIX name for this item is deprecated. Instead, use the ISO C and C++ conformant name: _stricmp. See online help for details.
  c:\program files (x86)\windows kits\10\include\10.0.10240.0\ucrt\string.h(568): note: see declaration of 'stricmp'
c:\users\samr\documents\visual studio 2015\projects\cal3dlibrary\cal3dlibrary\cal3d\loader.cpp(1996): warning C4996: 'stricmp': The POSIX name for this item is deprecated. Instead, use the ISO C and C++ conformant name: _stricmp. See online help for details.
  c:\program files (x86)\windows kits\10\include\10.0.10240.0\ucrt\string.h(568): note: see declaration of 'stricmp'
c:\users\samr\documents\visual studio 2015\projects\cal3dlibrary\cal3dlibrary\cal3d\loader.cpp(2031): warning C4996: 'stricmp': The POSIX name for this item is deprecated. Instead, use the ISO C and C++ conformant name: _stricmp. See online help for details.
  c:\program files (x86)\windows kits\10\include\10.0.10240.0\ucrt\string.h(568): note: see declaration of 'stricmp'
c:\users\samr\documents\visual studio 2015\projects\cal3dlibrary\cal3dlibrary\cal3d\loader.cpp(2054): warning C4996: 'stricmp': The POSIX name for this item is deprecated. Instead, use the ISO C and C++ conformant name: _stricmp. See online help for details.
  c:\program files (x86)\windows kits\10\include\10.0.10240.0\ucrt\string.h(568): note: see declaration of 'stricmp'
c:\users\samr\documents\visual studio 2015\projects\cal3dlibrary\cal3dlibrary\cal3d\loader.cpp(2125): warning C4996: 'stricmp': The POSIX name for this item is deprecated. Instead, use the ISO C and C++ conformant name: _stricmp. See online help for details.
  c:\program files (x86)\windows kits\10\include\10.0.10240.0\ucrt\string.h(568): note: see declaration of 'stricmp'
c:\users\samr\documents\visual studio 2015\projects\cal3dlibrary\cal3dlibrary\cal3d\loader.cpp(2126): warning C4996: 'stricmp': The POSIX name for this item is deprecated. Instead, use the ISO C and C++ conformant name: _stricmp. See online help for details.
  c:\program files (x86)\windows kits\10\include\10.0.10240.0\ucrt\string.h(568): note: see declaration of 'stricmp'
c:\users\samr\documents\visual studio 2015\projects\cal3dlibrary\cal3dlibrary\cal3d\loader.cpp(2139): warning C4996: 'stricmp': The POSIX name for this item is deprecated. Instead, use the ISO C and C++ conformant name: _stricmp. See online help for details.
  c:\program files (x86)\windows kits\10\include\10.0.10240.0\ucrt\string.h(568): note: see declaration of 'stricmp'
c:\users\samr\documents\visual studio 2015\projects\cal3dlibrary\cal3dlibrary\cal3d\loader.cpp(2144): warning C4996: 'stricmp': The POSIX name for this item is deprecated. Instead, use the ISO C and C++ conformant name: _stricmp. See online help for details.
  c:\program files (x86)\windows kits\10\include\10.0.10240.0\ucrt\string.h(568): note: see declaration of 'stricmp'
c:\users\samr\documents\visual studio 2015\projects\cal3dlibrary\cal3dlibrary\cal3d\loader.cpp(2161): warning C4996: 'stricmp': The POSIX name for this item is deprecated. Instead, use the ISO C and C++ conformant name: _stricmp. See online help for details.
  c:\program files (x86)\windows kits\10\include\10.0.10240.0\ucrt\string.h(568): note: see declaration of 'stricmp'
c:\users\samr\documents\visual studio 2015\projects\cal3dlibrary\cal3dlibrary\cal3d\loader.cpp(2185): warning C4996: 'stricmp': The POSIX name for this item is deprecated. Instead, use the ISO C and C++ conformant name: _stricmp. See online help for details.
  c:\program files (x86)\windows kits\10\include\10.0.10240.0\ucrt\string.h(568): note: see declaration of 'stricmp'
c:\users\samr\documents\visual studio 2015\projects\cal3dlibrary\cal3dlibrary\cal3d\loader.cpp(2211): warning C4996: 'stricmp': The POSIX name for this item is deprecated. Instead, use the ISO C and C++ conformant name: _stricmp. See online help for details.
  c:\program files (x86)\windows kits\10\include\10.0.10240.0\ucrt\string.h(568): note: see declaration of 'stricmp'
c:\users\samr\documents\visual studio 2015\projects\cal3dlibrary\cal3dlibrary\cal3d\loader.cpp(2236): warning C4996: 'stricmp': The POSIX name for this item is deprecated. Instead, use the ISO C and C++ conformant name: _stricmp. See online help for details.
  c:\program files (x86)\windows kits\10\include\10.0.10240.0\ucrt\string.h(568): note: see declaration of 'stricmp'
c:\users\samr\documents\visual studio 2015\projects\cal3dlibrary\cal3dlibrary\cal3d\loader.cpp(2265): warning C4996: 'stricmp': The POSIX name for this item is deprecated. Instead, use the ISO C and C++ conformant name: _stricmp. See online help for details.
  c:\program files (x86)\windows kits\10\include\10.0.10240.0\ucrt\string.h(568): note: see declaration of 'stricmp'
  hardwaremodel.cpp
  Generating Code...
  Compiling...
  global.cpp
  error.cpp
  coretrack.cpp
  coresubmorphtarget.cpp
  coresubmesh.cpp
  coreskeleton.cpp
  coremorphanimation.cpp
  coremodel.cpp
  coremesh.cpp
  corematerial.cpp
  corekeyframe.cpp
  corebone.cpp
  coreanimation.cpp
  cal3d_wrapper.cpp
c:\users\samr\documents\visual studio 2015\projects\cal3dlibrary\cal3dlibrary\cal3d\cal3d_wrapper.h(129): warning C4091: '__declspec(dllexport)': ignored on left of 'CalAnimationType' when no variable is declared
c:\users\samr\documents\visual studio 2015\projects\cal3dlibrary\cal3dlibrary\cal3d\cal3d_wrapper.h(138): warning C4091: '__declspec(dllexport)': ignored on left of 'CalAnimationState' when no variable is declared
c:\users\samr\documents\visual studio 2015\projects\cal3dlibrary\cal3dlibrary\cal3d\cal3d_wrapper.h(377): warning C4091: '__declspec(dllexport)': ignored on left of 'CalErrorCode' when no variable is declared
c:\users\samr\documents\visual studio 2015\projects\cal3dlibrary\cal3dlibrary\cal3d\cal3d_wrapper.cpp(870): warning C4800: 'Boolean': forcing value to bool 'true' or 'false' (performance warning)
  buffersource.cpp
  bone.cpp
  animation_cycle.cpp
  animation_action.cpp
  animation.cpp
  Generating Code...
quaternion.obj : warning LNK4221: This object file does not define any previously undefined public symbols, so it will not be used by any link operation that consumes this library
global.obj : warning LNK4221: This object file does not define any previously undefined public symbols, so it will not be used by any link operation that consumes this library
  Cal3dLibrary.vcxproj -> c:\users\samr\documents\visual studio 2015\Projects\Cal3dLibrary\Debug\Cal3dLibrary.lib
