c:\users\samr\documents\visual studio 2015\projects\cal3dlibrary\cal3dlibrary\debug\cal3dlibrary.pdb
c:\users\samr\documents\visual studio 2015\projects\cal3dlibrary\cal3dlibrary\debug\cal3dlibrary.idb
c:\users\samr\documents\visual studio 2015\projects\cal3dlibrary\cal3dlibrary\debug\hardwaremodel.obj
c:\users\samr\documents\visual studio 2015\projects\cal3dlibrary\cal3dlibrary\debug\matrix.obj
c:\users\samr\documents\visual studio 2015\projects\cal3dlibrary\cal3dlibrary\debug\mesh.obj
c:\users\samr\documents\visual studio 2015\projects\cal3dlibrary\cal3dlibrary\debug\model.obj
c:\users\samr\documents\visual studio 2015\projects\cal3dlibrary\cal3dlibrary\debug\morphtargetmixer.obj
c:\users\samr\documents\visual studio 2015\projects\cal3dlibrary\cal3dlibrary\debug\physique.obj
c:\users\samr\documents\visual studio 2015\projects\cal3dlibrary\cal3dlibrary\debug\platform.obj
c:\users\samr\documents\visual studio 2015\projects\cal3dlibrary\cal3dlibrary\debug\quaternion.obj
c:\users\samr\documents\visual studio 2015\projects\cal3dlibrary\cal3dlibrary\debug\renderer.obj
c:\users\samr\documents\visual studio 2015\projects\cal3dlibrary\cal3dlibrary\debug\saver.obj
c:\users\samr\documents\visual studio 2015\projects\cal3dlibrary\cal3dlibrary\debug\skeleton.obj
c:\users\samr\documents\visual studio 2015\projects\cal3dlibrary\cal3dlibrary\debug\springsystem.obj
c:\users\samr\documents\visual studio 2015\projects\cal3dlibrary\cal3dlibrary\debug\streamsource.obj
c:\users\samr\documents\visual studio 2015\projects\cal3dlibrary\cal3dlibrary\debug\submesh.obj
c:\users\samr\documents\visual studio 2015\projects\cal3dlibrary\cal3dlibrary\debug\vector.obj
c:\users\samr\documents\visual studio 2015\projects\cal3dlibrary\cal3dlibrary\debug\bone.obj
c:\users\samr\documents\visual studio 2015\projects\cal3dlibrary\cal3dlibrary\debug\buffersource.obj
c:\users\samr\documents\visual studio 2015\projects\cal3dlibrary\cal3dlibrary\debug\coreanimation.obj
c:\users\samr\documents\visual studio 2015\projects\cal3dlibrary\cal3dlibrary\debug\corebone.obj
c:\users\samr\documents\visual studio 2015\projects\cal3dlibrary\cal3dlibrary\debug\corekeyframe.obj
c:\users\samr\documents\visual studio 2015\projects\cal3dlibrary\cal3dlibrary\debug\corematerial.obj
c:\users\samr\documents\visual studio 2015\projects\cal3dlibrary\cal3dlibrary\debug\coremesh.obj
c:\users\samr\documents\visual studio 2015\projects\cal3dlibrary\cal3dlibrary\debug\coremodel.obj
c:\users\samr\documents\visual studio 2015\projects\cal3dlibrary\cal3dlibrary\debug\coremorphanimation.obj
c:\users\samr\documents\visual studio 2015\projects\cal3dlibrary\cal3dlibrary\debug\coreskeleton.obj
c:\users\samr\documents\visual studio 2015\projects\cal3dlibrary\cal3dlibrary\debug\coresubmesh.obj
c:\users\samr\documents\visual studio 2015\projects\cal3dlibrary\cal3dlibrary\debug\coresubmorphtarget.obj
c:\users\samr\documents\visual studio 2015\projects\cal3dlibrary\cal3dlibrary\debug\coretrack.obj
c:\users\samr\documents\visual studio 2015\projects\cal3dlibrary\cal3dlibrary\debug\error.obj
c:\users\samr\documents\visual studio 2015\projects\cal3dlibrary\cal3dlibrary\debug\global.obj
c:\users\samr\documents\visual studio 2015\projects\cal3dlibrary\cal3dlibrary\debug\loader.obj
c:\users\samr\documents\visual studio 2015\projects\cal3dlibrary\cal3dlibrary\debug\tinyxml.obj
c:\users\samr\documents\visual studio 2015\projects\cal3dlibrary\cal3dlibrary\debug\tinyxmlerror.obj
c:\users\samr\documents\visual studio 2015\projects\cal3dlibrary\cal3dlibrary\debug\tinyxmlparser.obj
c:\users\samr\documents\visual studio 2015\projects\cal3dlibrary\cal3dlibrary\debug\mixer.obj
c:\users\samr\documents\visual studio 2015\projects\cal3dlibrary\cal3dlibrary\debug\animation.obj
c:\users\samr\documents\visual studio 2015\projects\cal3dlibrary\cal3dlibrary\debug\animation_action.obj
c:\users\samr\documents\visual studio 2015\projects\cal3dlibrary\cal3dlibrary\debug\animation_cycle.obj
c:\users\samr\documents\visual studio 2015\projects\cal3dlibrary\cal3dlibrary\debug\cal3d_wrapper.obj
c:\users\samr\documents\visual studio 2015\projects\cal3dlibrary\debug\cal3dlibrary.lib
c:\users\samr\documents\visual studio 2015\projects\cal3dlibrary\debug\cal3dlibrary.pdb
c:\users\samr\documents\visual studio 2015\projects\cal3dlibrary\cal3dlibrary\debug\cal3dlibrary.tlog\cl.command.1.tlog
c:\users\samr\documents\visual studio 2015\projects\cal3dlibrary\cal3dlibrary\debug\cal3dlibrary.tlog\cl.read.1.tlog
c:\users\samr\documents\visual studio 2015\projects\cal3dlibrary\cal3dlibrary\debug\cal3dlibrary.tlog\cl.write.1.tlog
c:\users\samr\documents\visual studio 2015\projects\cal3dlibrary\cal3dlibrary\debug\cal3dlibrary.tlog\lib-link.read.1.tlog
c:\users\samr\documents\visual studio 2015\projects\cal3dlibrary\cal3dlibrary\debug\cal3dlibrary.tlog\lib-link.write.1.tlog
c:\users\samr\documents\visual studio 2015\projects\cal3dlibrary\cal3dlibrary\debug\cal3dlibrary.tlog\lib.command.1.tlog
